10/30/2024 10:16:13 AM Info Project 'main' created successfully and added to workspace
10/30/2024 10:34:55 AM Info Navigating to URI https://docs.microsoft.com/windows/configuration/wcd/wcd-provisioningcommands
10/30/2024 10:34:56 AM Info Navigating to URI https://docs.microsoft.com/windows/configuration/wcd/wcd-provisioningcommands#devicecontext
10/30/2024 10:35:32 AM Info Navigating to URI https://docs.microsoft.com/windows/configuration/wcd/wcd-provisioningcommands#devicecontext
10/30/2024 10:37:14 AM Info Navigating to URI https://docs.microsoft.com/windows/configuration/wcd/wcd-provisioningcommands#devicecontext
10/30/2024 10:38:28 AM Info Start Provisioning package Build for Project: main
10/30/2024 10:38:46 AM Info Exporting customizations as a Provisioning Package to 'C:\Users\aminj\AppData\Local\Temp\ICD_20241030-103846-132_2348.14_395589053.1'
10/30/2024 10:38:46 AM Info Adding runtime settings to Provisioning Package
10/30/2024 10:38:46 AM Info CreateTempDirectory: Create directory: C:\Users\aminj\AppData\Local\Temp\ICD_20241030-103846-172_2348.14_1170467612.2
10/30/2024 10:38:46 AM Info provxml writer, path = C:\Users\aminj\AppData\Local\Temp\ICD_20241030-103846-172_2348.14_1170467612.2\Prov\RunTime\0__ProvisioningCommands_DeviceContext_CommandFiles_0.provxml
10/30/2024 10:38:46 AM Info provxml writer, path = C:\Users\aminj\AppData\Local\Temp\ICD_20241030-103846-172_2348.14_1170467612.2\Prov\RunTime\1__ProvisioningCommands_DeviceContext_CommandFiles_1.provxml
10/30/2024 10:38:46 AM Info provxml writer, path = C:\Users\aminj\AppData\Local\Temp\ICD_20241030-103846-172_2348.14_1170467612.2\Prov\RunTime\2__ProvisioningCommands_DeviceContext_CommandFiles_2.provxml
10/30/2024 10:38:46 AM Info provxml writer, path = C:\Users\aminj\AppData\Local\Temp\ICD_20241030-103846-172_2348.14_1170467612.2\Prov\RunTime\3__ProvisioningCommands_DeviceContext_CommandFiles_3.provxml
10/30/2024 10:38:46 AM Info provxml writer, path = C:\Users\aminj\AppData\Local\Temp\ICD_20241030-103846-172_2348.14_1170467612.2\Prov\RunTime\4__ProvisioningCommands_DeviceContext_CommandFiles_4.provxml
10/30/2024 10:38:46 AM Info provxml writer, path = C:\Users\aminj\AppData\Local\Temp\ICD_20241030-103846-172_2348.14_1170467612.2\Prov\RunTime\5__ProvisioningCommands_DeviceContext_CommandLine.provxml
10/30/2024 10:38:46 AM Info Adding deployment settings to Provisioning Package
10/30/2024 10:38:46 AM Info Adding file assets to Provisioning Package
10/30/2024 10:38:46 AM Info Packaging file asset D:\Downloads\provisioning.ps1
10/30/2024 10:38:46 AM Info Packaging file asset D:\Downloads\setup.ps1
10/30/2024 10:38:46 AM Info Packaging file asset D:\Downloads\Microsoft.DesktopAppInstaller_8wekyb3d8bbwe.msixbundle
10/30/2024 10:38:50 AM Info Packaging file asset D:\Downloads\Microsoft.UI.Xaml.2.8.x64.appx
10/30/2024 10:38:50 AM Info Packaging file asset D:\Downloads\Microsoft.VCLibs.x64.14.00.Desktop.appx
10/30/2024 10:38:54 AM Info CopyFile: Source path: C:\Users\aminj\AppData\Local\Temp\ICD_20241030-103851-875_2348.14_1706461133.cat, Target path: D:\OneDrive\My Software\Choclatey-Starship-Fonts\windows configuration\main.cat
10/30/2024 10:38:54 AM Info CopyFile: Source path: C:\Users\aminj\AppData\Local\Temp\ICD_20241030-103846-132_2348.14_395589053.1, Target path: D:\OneDrive\My Software\Choclatey-Starship-Fonts\windows configuration\main.ppkg
10/30/2024 10:38:55 AM Info DeleteFile: File '' does not exist
10/30/2024 10:38:55 AM Info DeleteFile: File 'C:\Users\aminj\AppData\Local\Temp\ICD_20241030-103846-132_2348.14_395589053.1' does not exist
10/30/2024 10:38:55 AM Info Media Creation Build Success page
10/30/2024 10:38:56 AM Info Build workflow finished.
10/30/2024 10:39:50 AM Info Loaded Knobs schema hive at C:\Program Files\WindowsApps\Microsoft.WindowsConfigurationDesigner_2024.613.0.0_x86__8wekyb3d8bbwe\icd\Microsoft-Desktop-Provisioning.dat
10/30/2024 10:39:50 AM Error WpxGetFileEdition (onecore\base\ntsetup\wpx\core\store.cpp:103) - 0x80070002:
10/30/2024 10:39:50 AM Error     No SKU information file C:\Program Files\WindowsApps\Microsoft.WindowsConfigurationDesigner_2024.613.0.0_x86__8wekyb3d8bbwe\icd\Microsoft-Desktop-Provisioning.sku.xml available for store file C:\Program Files\WindowsApps\Microsoft.WindowsConfigurationDesigner_2024.613.0.0_x86__8wekyb3d8bbwe\icd\Microsoft-Desktop-Provisioning.dat
10/30/2024 10:39:50 AM Info Loaded settings from Windows Unknown Unknown
10/30/2024 10:52:02 AM Info Navigating to URI https://docs.microsoft.com/windows/configuration/wcd/wcd-oobe
10/30/2024 10:52:08 AM Info Navigating to URI https://docs.microsoft.com/windows/configuration/wcd/wcd-oobe#desktop
10/30/2024 10:52:11 AM Info Navigating to URI https://docs.microsoft.com/windows/configuration/wcd/wcd-oobe#desktop
10/30/2024 10:52:11 AM Info Navigating to URI https://docs.microsoft.com/windows/configuration/wcd/wcd-oobe#desktop
10/30/2024 10:52:11 AM Info Navigating to URI https://docs.microsoft.com/windows/configuration/wcd/wcd-oobe#desktop
10/30/2024 10:52:11 AM Info Navigating to URI https://docs.microsoft.com/windows/configuration/wcd/wcd-oobe#desktop
10/30/2024 10:52:11 AM Info Navigating to URI https://docs.microsoft.com/windows/configuration/wcd/wcd-oobe#desktop
10/30/2024 10:53:42 AM Info Navigating to URI https://docs.microsoft.com/windows/configuration/wcd/wcd-provisioningcommands#primarycontext
10/30/2024 10:53:43 AM Info Navigating to URI https://docs.microsoft.com/windows/configuration/wcd/wcd-provisioningcommands#primarycontext
10/30/2024 10:53:46 AM Info Navigating to URI https://docs.microsoft.com/windows/configuration/wcd/wcd-provisioningcommands#primarycontext
10/30/2024 10:54:09 AM Info Navigating to URI https://docs.microsoft.com/windows/configuration/wcd/wcd-provisioningcommands#primarycontext
10/30/2024 10:54:11 AM Info Navigating to URI https://docs.microsoft.com/windows/configuration/wcd/wcd-provisioningcommands#primarycontext
10/30/2024 10:54:19 AM Info Navigating to URI https://docs.microsoft.com/windows/configuration/wcd/wcd-provisioningcommands#primarycontext
10/30/2024 11:02:00 AM Info Start Provisioning package Build for Project: main
10/30/2024 11:02:08 AM Info Exporting customizations as a Provisioning Package to 'C:\Users\aminj\AppData\Local\Temp\ICD_20241030-110208-219_2348.14_1931996259.5'
10/30/2024 11:02:08 AM Info Adding runtime settings to Provisioning Package
10/30/2024 11:02:08 AM Info CreateTempDirectory: Create directory: C:\Users\aminj\AppData\Local\Temp\ICD_20241030-110208-254_2348.14_425077397.6
10/30/2024 11:02:08 AM Info provxml writer, path = C:\Users\aminj\AppData\Local\Temp\ICD_20241030-110208-254_2348.14_425077397.6\Prov\RunTime\0__OOBE_Desktop_HideOobe.provxml
10/30/2024 11:02:08 AM Info provxml writer, path = C:\Users\aminj\AppData\Local\Temp\ICD_20241030-110208-254_2348.14_425077397.6\Prov\RunTime\1__ProvisioningCommands_DeviceContext_CommandFiles_0.provxml
10/30/2024 11:02:08 AM Info provxml writer, path = C:\Users\aminj\AppData\Local\Temp\ICD_20241030-110208-254_2348.14_425077397.6\Prov\RunTime\2__ProvisioningCommands_DeviceContext_CommandFiles_1.provxml
10/30/2024 11:02:08 AM Info provxml writer, path = C:\Users\aminj\AppData\Local\Temp\ICD_20241030-110208-254_2348.14_425077397.6\Prov\RunTime\3__ProvisioningCommands_DeviceContext_CommandFiles_2.provxml
10/30/2024 11:02:08 AM Info provxml writer, path = C:\Users\aminj\AppData\Local\Temp\ICD_20241030-110208-254_2348.14_425077397.6\Prov\RunTime\4__ProvisioningCommands_DeviceContext_CommandFiles_3.provxml
10/30/2024 11:02:08 AM Info provxml writer, path = C:\Users\aminj\AppData\Local\Temp\ICD_20241030-110208-254_2348.14_425077397.6\Prov\RunTime\5__ProvisioningCommands_DeviceContext_CommandFiles_4.provxml
10/30/2024 11:02:08 AM Info provxml writer, path = C:\Users\aminj\AppData\Local\Temp\ICD_20241030-110208-254_2348.14_425077397.6\Prov\RunTime\6__ProvisioningCommands_DeviceContext_CommandLine.provxml
10/30/2024 11:02:08 AM Info provxml writer, path = C:\Users\aminj\AppData\Local\Temp\ICD_20241030-110208-254_2348.14_425077397.6\Prov\RunTime\7__ProvisioningCommands_PrimaryContext_Command_0_CommandLine.provxml
10/30/2024 11:02:08 AM Info provxml writer, path = C:\Users\aminj\AppData\Local\Temp\ICD_20241030-110208-254_2348.14_425077397.6\Prov\RunTime\8__ProvisioningCommands_PrimaryContext_Command_1_CommandLine.provxml
10/30/2024 11:02:08 AM Info Adding deployment settings to Provisioning Package
10/30/2024 11:02:08 AM Info Adding file assets to Provisioning Package
10/30/2024 11:02:08 AM Info Packaging file asset D:\Downloads\provisioning.ps1
10/30/2024 11:02:08 AM Info Packaging file asset D:\Downloads\setup.ps1
10/30/2024 11:02:08 AM Info Packaging file asset D:\Downloads\Microsoft.DesktopAppInstaller_8wekyb3d8bbwe.msixbundle
10/30/2024 11:02:12 AM Info Packaging file asset D:\Downloads\Microsoft.UI.Xaml.2.8.x64.appx
10/30/2024 11:02:13 AM Info Packaging file asset D:\Downloads\Microsoft.VCLibs.x64.14.00.Desktop.appx
10/30/2024 11:02:19 AM Info CopyFile: File 'D:\OneDrive\My Software\Choclatey-Starship-Fonts\windows configuration\main.cat' exist and called with overwrite
10/30/2024 11:02:19 AM Info CopyFile: Source path: C:\Users\aminj\AppData\Local\Temp\ICD_20241030-110215-311_2348.14_1105255695.cat, Target path: D:\OneDrive\My Software\Choclatey-Starship-Fonts\windows configuration\main.cat
10/30/2024 11:02:19 AM Info CopyFile: File 'D:\OneDrive\My Software\Choclatey-Starship-Fonts\windows configuration\main.ppkg' exist and called with overwrite
10/30/2024 11:02:19 AM Info CopyFile: Source path: C:\Users\aminj\AppData\Local\Temp\ICD_20241030-110208-219_2348.14_1931996259.5, Target path: D:\OneDrive\My Software\Choclatey-Starship-Fonts\windows configuration\main.ppkg
10/30/2024 11:02:19 AM Info DeleteFile: File '' does not exist
10/30/2024 11:02:19 AM Info DeleteFile: File 'C:\Users\aminj\AppData\Local\Temp\ICD_20241030-110208-219_2348.14_1931996259.5' does not exist
10/30/2024 11:02:19 AM Info Media Creation Build Success page
10/30/2024 11:02:28 AM Info Build workflow finished.
